2025-03-25 18:23:12,259 - INFO - ====== WebDriver manager ======
2025-03-25 18:25:00,241 - INFO - ====== WebDriver manager ======
2025-03-25 18:25:01,558 - INFO - Get LATEST chromedriver version for google-chrome
2025-03-25 18:25:01,604 - DEBUG - Starting new HTTPS connection (1): googlechromelabs.github.io:443
2025-03-25 18:25:01,713 - DEBUG - https://googlechromelabs.github.io:443 "GET /chrome-for-testing/latest-patch-versions-per-build.json HTTP/1.1" 200 10313
2025-03-25 18:25:01,716 - INFO - Get LATEST chromedriver version for google-chrome
2025-03-25 18:25:01,718 - DEBUG - Starting new HTTPS connection (1): googlechromelabs.github.io:443
2025-03-25 18:25:01,812 - DEBUG - https://googlechromelabs.github.io:443 "GET /chrome-for-testing/latest-patch-versions-per-build.json HTTP/1.1" 200 10313
2025-03-25 18:25:01,814 - INFO - There is no [mac64] chromedriver "134.0.6998.165" for browser google-chrome "134.0.6998" in cache
2025-03-25 18:25:01,829 - INFO - Get LATEST chromedriver version for google-chrome
2025-03-25 18:25:01,831 - DEBUG - Starting new HTTPS connection (1): googlechromelabs.github.io:443
2025-03-25 18:25:01,982 - DEBUG - https://googlechromelabs.github.io:443 "GET /chrome-for-testing/latest-patch-versions-per-build.json HTTP/1.1" 200 10313
2025-03-25 18:25:01,987 - DEBUG - Starting new HTTPS connection (1): googlechromelabs.github.io:443
2025-03-25 18:25:02,122 - DEBUG - https://googlechromelabs.github.io:443 "GET /chrome-for-testing/known-good-versions-with-downloads.json HTTP/1.1" 200 84334
2025-03-25 18:25:02,181 - INFO - WebDriver version 134.0.6998.165 selected
2025-03-25 18:25:02,183 - INFO - Modern chrome version https://storage.googleapis.com/chrome-for-testing-public/134.0.6998.165/mac-x64/chromedriver-mac-x64.zip
2025-03-25 18:25:02,183 - INFO - About to download new driver from https://storage.googleapis.com/chrome-for-testing-public/134.0.6998.165/mac-x64/chromedriver-mac-x64.zip
2025-03-25 18:25:02,191 - DEBUG - Starting new HTTPS connection (1): storage.googleapis.com:443
2025-03-25 18:25:02,347 - DEBUG - https://storage.googleapis.com:443 "GET /chrome-for-testing-public/134.0.6998.165/mac-x64/chromedriver-mac-x64.zip HTTP/1.1" 200 9245164
2025-03-25 18:25:02,347 - INFO - Driver downloading response is 200
2025-03-25 18:25:02,859 - INFO - Get LATEST chromedriver version for google-chrome
2025-03-25 18:25:02,862 - DEBUG - Starting new HTTPS connection (1): googlechromelabs.github.io:443
2025-03-25 18:25:02,965 - DEBUG - https://googlechromelabs.github.io:443 "GET /chrome-for-testing/latest-patch-versions-per-build.json HTTP/1.1" 200 10313
2025-03-25 18:25:03,108 - INFO - Driver has been saved in cache [/Users/edi/.wdm/drivers/chromedriver/mac64/134.0.6998.165]
2025-03-25 18:25:03,109 - DEBUG - Skipping Selenium Manager; path to chrome driver specified in Service class: /Users/edi/.wdm/drivers/chromedriver/mac64/134.0.6998.165/chromedriver-mac-x64/chromedriver
2025-03-25 18:25:03,134 - DEBUG - Started executable: `/Users/edi/.wdm/drivers/chromedriver/mac64/134.0.6998.165/chromedriver-mac-x64/chromedriver` in a child process with pid: 92883 using 0 to output -3
2025-03-25 18:25:05,528 - DEBUG - POST http://localhost:51208/session {'capabilities': {'firstMatch': [{}], 'alwaysMatch': {'browserName': 'chrome', 'pageLoadStrategy': <PageLoadStrategy.normal: 'normal'>, 'goog:chromeOptions': {'extensions': [], 'args': ['--no-sandbox', '--disable-dev-shm-usage', '--disable-gpu', '--window-size=1920,1080', '--disable-notifications', '--disable-popup-blocking', 'user-agent=Mozilla/5.0 (X11; Linux x86_64) AppleWebKit/537.36 (KHTML, like Gecko) Chrome/90.0.4430.212 Safari/537.36']}}}}
2025-03-25 18:25:05,529 - DEBUG - Starting new HTTP connection (1): localhost:51208
2025-03-25 18:25:13,334 - DEBUG - http://localhost:51208 "POST /session HTTP/1.1" 200 0
2025-03-25 18:25:13,334 - DEBUG - Remote response: status=200 | data={"value":{"capabilities":{"acceptInsecureCerts":false,"browserName":"chrome","browserVersion":"134.0.6998.118","chrome":{"chromedriverVersion":"134.0.6998.165 (fd886e2cb29dd984c13deec032832dee68d8abe3-refs/branch-heads/6998@{#2122})","userDataDir":"/var/folders/5l/tyj28cyd6qs61fj25wpq_h200000gn/T/.org.chromium.Chromium.gaDWXO"},"fedcm:accounts":true,"goog:chromeOptions":{"debuggerAddress":"localhost:51234"},"networkConnectionEnabled":false,"pageLoadStrategy":"normal","platformName":"mac","proxy":{},"setWindowRect":true,"strictFileInteractability":false,"timeouts":{"implicit":0,"pageLoad":300000,"script":30000},"unhandledPromptBehavior":"dismiss and notify","webauthn:extension:credBlob":true,"webauthn:extension:largeBlob":true,"webauthn:extension:minPinLength":true,"webauthn:extension:prf":true,"webauthn:virtualAuthenticators":true},"sessionId":"5f40014e84da62d40684af83401c0826"}} | headers=HTTPHeaderDict({'Content-Length': '892', 'Content-Type': 'application/json; charset=utf-8', 'cache-control': 'no-cache'})
2025-03-25 18:25:13,334 - DEBUG - Finished Request
2025-03-25 18:25:13,335 - DEBUG - POST http://localhost:51208/session/5f40014e84da62d40684af83401c0826/timeouts {'pageLoad': 10000}
2025-03-25 18:25:13,337 - DEBUG - http://localhost:51208 "POST /session/5f40014e84da62d40684af83401c0826/timeouts HTTP/1.1" 200 0
2025-03-25 18:25:13,337 - DEBUG - Remote response: status=200 | data={"value":null} | headers=HTTPHeaderDict({'Content-Length': '14', 'Content-Type': 'application/json; charset=utf-8', 'cache-control': 'no-cache'})
2025-03-25 18:25:13,337 - DEBUG - Finished Request
2025-03-25 18:25:13,337 - INFO - Chrome driver started successfully
2025-03-25 18:25:13,337 - DEBUG - POST http://localhost:51208/session/5f40014e84da62d40684af83401c0826/url {'url': 'https://www.google.com/maps/search/Sia+Restaurant+Sibiu'}
2025-03-25 18:25:21,071 - DEBUG - http://localhost:51208 "POST /session/5f40014e84da62d40684af83401c0826/url HTTP/1.1" 200 0
2025-03-25 18:25:21,072 - DEBUG - Remote response: status=200 | data={"value":null} | headers=HTTPHeaderDict({'Content-Length': '14', 'Content-Type': 'application/json; charset=utf-8', 'cache-control': 'no-cache'})
2025-03-25 18:25:21,072 - DEBUG - Finished Request
2025-03-25 18:25:21,072 - DEBUG - POST http://localhost:51208/session/5f40014e84da62d40684af83401c0826/element {'using': 'css selector', 'value': "a[href*='maps/place']"}
2025-03-25 18:25:31,899 - DEBUG - http://localhost:51208 "POST /session/5f40014e84da62d40684af83401c0826/element HTTP/1.1" 500 0
2025-03-25 18:25:31,900 - DEBUG - Remote response: status=500 | data={"value":{"error":"timeout","message":"timeout: Timed out receiving message from renderer: 10.000\n  (Session info: chrome=134.0.6998.118)","stacktrace":"0   chromedriver                        0x00000001030ed568 chromedriver + 6088040\n1   chromedriver                        0x00000001030e517a chromedriver + 6054266\n2   chromedriver                        0x0000000102b84540 chromedriver + 415040\n3   chromedriver                        0x0000000102b6b64b chromedriver + 312907\n4   chromedriver                        0x0000000102b6b37d chromedriver + 312189\n5   chromedriver                        0x0000000102b69130 chromedriver + 303408\n6   chromedriver                        0x0000000102b69b6f chromedriver + 306031\n7   chromedriver                        0x0000000102b7926b chromedriver + 369259\n8   chromedriver                        0x0000000102b92bbd chromedriver + 474045\n9   chromedriver                        0x0000000102b991cb chromedriver + 500171\n10  chromedriver                        0x0000000102b6a22b chromedriver + 307755\n11  chromedriver                        0x0000000102b9291d chromedriver + 473373\n12  chromedriver                        0x0000000102c2390e chromedriver + 1067278\n13  chromedriver                        0x0000000102bfc1c3 chromedriver + 905667\n14  chromedriver                        0x0000000102bc805a chromedriver + 692314\n15  chromedriver                        0x0000000102bc91b1 chromedriver + 696753\n16  chromedriver                        0x00000001030acc90 chromedriver + 5823632\n17  chromedriver                        0x00000001030b0b44 chromedriver + 5839684\n18  chromedriver                        0x0000000103087e86 chromedriver + 5672582\n19  chromedriver                        0x00000001030b153b chromedriver + 5842235\n20  chromedriver                        0x0000000103076824 chromedriver + 5601316\n21  chromedriver                        0x00000001030d3618 chromedriver + 5981720\n22  chromedriver                        0x00000001030d37df chromedriver + 5982175\n23  chromedriver                        0x00000001030e4d58 chromedriver + 6053208\n24  libsystem_pthread.dylib             0x00007ff801edd202 _pthread_start + 99\n25  libsystem_pthread.dylib             0x00007ff801ed8bab thread_start + 15\n"}} | headers=HTTPHeaderDict({'Content-Length': '2294', 'Content-Type': 'application/json; charset=utf-8', 'cache-control': 'no-cache'})
2025-03-25 18:25:31,900 - DEBUG - Finished Request
2025-03-25 18:25:31,901 - ERROR - Failed to get place URL for 'Sia Restaurant Sibiu': Message: timeout: Timed out receiving message from renderer: 10.000
  (Session info: chrome=134.0.6998.118)
Stacktrace:
0   chromedriver                        0x00000001030ed568 chromedriver + 6088040
1   chromedriver                        0x00000001030e517a chromedriver + 6054266
2   chromedriver                        0x0000000102b84540 chromedriver + 415040
3   chromedriver                        0x0000000102b6b64b chromedriver + 312907
4   chromedriver                        0x0000000102b6b37d chromedriver + 312189
5   chromedriver                        0x0000000102b69130 chromedriver + 303408
6   chromedriver                        0x0000000102b69b6f chromedriver + 306031
7   chromedriver                        0x0000000102b7926b chromedriver + 369259
8   chromedriver                        0x0000000102b92bbd chromedriver + 474045
9   chromedriver                        0x0000000102b991cb chromedriver + 500171
10  chromedriver                        0x0000000102b6a22b chromedriver + 307755
11  chromedriver                        0x0000000102b9291d chromedriver + 473373
12  chromedriver                        0x0000000102c2390e chromedriver + 1067278
13  chromedriver                        0x0000000102bfc1c3 chromedriver + 905667
14  chromedriver                        0x0000000102bc805a chromedriver + 692314
15  chromedriver                        0x0000000102bc91b1 chromedriver + 696753
16  chromedriver                        0x00000001030acc90 chromedriver + 5823632
17  chromedriver                        0x00000001030b0b44 chromedriver + 5839684
18  chromedriver                        0x0000000103087e86 chromedriver + 5672582
19  chromedriver                        0x00000001030b153b chromedriver + 5842235
20  chromedriver                        0x0000000103076824 chromedriver + 5601316
21  chromedriver                        0x00000001030d3618 chromedriver + 5981720
22  chromedriver                        0x00000001030d37df chromedriver + 5982175
23  chromedriver                        0x00000001030e4d58 chromedriver + 6053208
24  libsystem_pthread.dylib             0x00007ff801edd202 _pthread_start + 99
25  libsystem_pthread.dylib             0x00007ff801ed8bab thread_start + 15

2025-03-25 18:25:31,901 - ERROR - Could not find URL for business: Sia Restaurant Sibiu
2025-03-25 18:25:31,901 - DEBUG - DELETE http://localhost:51208/session/5f40014e84da62d40684af83401c0826 {}
2025-03-25 18:25:31,956 - DEBUG - http://localhost:51208 "DELETE /session/5f40014e84da62d40684af83401c0826 HTTP/1.1" 200 0
2025-03-25 18:25:31,956 - DEBUG - Remote response: status=200 | data={"value":null} | headers=HTTPHeaderDict({'Content-Length': '14', 'Content-Type': 'application/json; charset=utf-8', 'cache-control': 'no-cache'})
2025-03-25 18:25:31,956 - DEBUG - Finished Request
2025-03-25 18:25:31,982 - INFO - Chrome driver quit successfully
2025-03-25 18:39:54,079 - INFO - ====== WebDriver manager ======
2025-03-25 18:39:55,414 - INFO - Get LATEST chromedriver version for google-chrome
2025-03-25 18:39:55,426 - DEBUG - Starting new HTTPS connection (1): googlechromelabs.github.io:443
2025-03-25 18:39:55,531 - DEBUG - https://googlechromelabs.github.io:443 "GET /chrome-for-testing/latest-patch-versions-per-build.json HTTP/1.1" 200 10313
2025-03-25 18:39:55,533 - INFO - Get LATEST chromedriver version for google-chrome
2025-03-25 18:39:55,535 - DEBUG - Starting new HTTPS connection (1): googlechromelabs.github.io:443
2025-03-25 18:39:55,633 - DEBUG - https://googlechromelabs.github.io:443 "GET /chrome-for-testing/latest-patch-versions-per-build.json HTTP/1.1" 200 10313
2025-03-25 18:39:55,635 - INFO - Driver [/Users/edi/.wdm/drivers/chromedriver/mac64/134.0.6998.165/chromedriver-mac-x64/chromedriver] found in cache
2025-03-25 18:39:55,636 - DEBUG - Skipping Selenium Manager; path to chrome driver specified in Service class: /Users/edi/.wdm/drivers/chromedriver/mac64/134.0.6998.165/chromedriver-mac-x64/chromedriver
2025-03-25 18:39:55,644 - DEBUG - Started executable: `/Users/edi/.wdm/drivers/chromedriver/mac64/134.0.6998.165/chromedriver-mac-x64/chromedriver` in a child process with pid: 93426 using 0 to output -3
2025-03-25 18:39:58,038 - DEBUG - POST http://localhost:51443/session {'capabilities': {'firstMatch': [{}], 'alwaysMatch': {'browserName': 'chrome', 'pageLoadStrategy': <PageLoadStrategy.normal: 'normal'>, 'goog:chromeOptions': {'extensions': [], 'args': ['--no-sandbox', '--disable-dev-shm-usage', '--disable-gpu', '--window-size=1920,1080', '--disable-notifications', '--disable-popup-blocking', 'user-agent=Mozilla/5.0 (Windows NT 10.0; Win64; x64; rv:89.0) Gecko/20100101 Firefox/89.0']}}}}
2025-03-25 18:39:58,039 - DEBUG - Starting new HTTP connection (1): localhost:51443
2025-03-25 18:40:04,450 - DEBUG - http://localhost:51443 "POST /session HTTP/1.1" 200 0
2025-03-25 18:40:04,451 - DEBUG - Remote response: status=200 | data={"value":{"capabilities":{"acceptInsecureCerts":false,"browserName":"chrome","browserVersion":"134.0.6998.118","chrome":{"chromedriverVersion":"134.0.6998.165 (fd886e2cb29dd984c13deec032832dee68d8abe3-refs/branch-heads/6998@{#2122})","userDataDir":"/var/folders/5l/tyj28cyd6qs61fj25wpq_h200000gn/T/.org.chromium.Chromium.kVt0hU"},"fedcm:accounts":true,"goog:chromeOptions":{"debuggerAddress":"localhost:51467"},"networkConnectionEnabled":false,"pageLoadStrategy":"normal","platformName":"mac","proxy":{},"setWindowRect":true,"strictFileInteractability":false,"timeouts":{"implicit":0,"pageLoad":300000,"script":30000},"unhandledPromptBehavior":"dismiss and notify","webauthn:extension:credBlob":true,"webauthn:extension:largeBlob":true,"webauthn:extension:minPinLength":true,"webauthn:extension:prf":true,"webauthn:virtualAuthenticators":true},"sessionId":"c1e0dd34fe2ea259be74f181cf7e3778"}} | headers=HTTPHeaderDict({'Content-Length': '892', 'Content-Type': 'application/json; charset=utf-8', 'cache-control': 'no-cache'})
2025-03-25 18:40:04,451 - DEBUG - Finished Request
2025-03-25 18:40:04,452 - DEBUG - POST http://localhost:51443/session/c1e0dd34fe2ea259be74f181cf7e3778/timeouts {'pageLoad': 30000}
2025-03-25 18:40:04,454 - DEBUG - http://localhost:51443 "POST /session/c1e0dd34fe2ea259be74f181cf7e3778/timeouts HTTP/1.1" 200 0
2025-03-25 18:40:04,454 - DEBUG - Remote response: status=200 | data={"value":null} | headers=HTTPHeaderDict({'Content-Length': '14', 'Content-Type': 'application/json; charset=utf-8', 'cache-control': 'no-cache'})
2025-03-25 18:40:04,454 - DEBUG - Finished Request
2025-03-25 18:40:04,454 - INFO - Chrome driver started successfully
2025-03-25 18:40:04,454 - DEBUG - POST http://localhost:51443/session/c1e0dd34fe2ea259be74f181cf7e3778/url {'url': 'https://www.google.com/maps/search/Sia+Restaurant+Sibiu'}
2025-03-25 18:40:10,909 - DEBUG - http://localhost:51443 "POST /session/c1e0dd34fe2ea259be74f181cf7e3778/url HTTP/1.1" 200 0
2025-03-25 18:40:10,909 - DEBUG - Remote response: status=200 | data={"value":null} | headers=HTTPHeaderDict({'Content-Length': '14', 'Content-Type': 'application/json; charset=utf-8', 'cache-control': 'no-cache'})
2025-03-25 18:40:10,910 - DEBUG - Finished Request
2025-03-25 18:40:10,910 - DEBUG - POST http://localhost:51443/session/c1e0dd34fe2ea259be74f181cf7e3778/element {'using': 'css selector', 'value': "a[href*='maps/place']"}
2025-03-25 18:40:11,443 - DEBUG - http://localhost:51443 "POST /session/c1e0dd34fe2ea259be74f181cf7e3778/element HTTP/1.1" 404 0
2025-03-25 18:40:11,443 - DEBUG - Remote response: status=404 | data={"value":{"error":"no such element","message":"no such element: Unable to locate element: {\"method\":\"css selector\",\"selector\":\"a[href*='maps/place']\"}\n  (Session info: chrome=134.0.6998.118)","stacktrace":"0   chromedriver                        0x0000000104e75568 chromedriver + 6088040\n1   chromedriver                        0x0000000104e6d17a chromedriver + 6054266\n2   chromedriver                        0x000000010490c540 chromedriver + 415040\n3   chromedriver                        0x000000010495e0a0 chromedriver + 749728\n4   chromedriver                        0x000000010495e2f1 chromedriver + 750321\n5   chromedriver                        0x00000001049ae764 chromedriver + 1079140\n6   chromedriver                        0x000000010498441d chromedriver + 906269\n7   chromedriver                        0x00000001049aba19 chromedriver + 1067545\n8   chromedriver                        0x00000001049841c3 chromedriver + 905667\n9   chromedriver                        0x000000010495005a chromedriver + 692314\n10  chromedriver                        0x00000001049511b1 chromedriver + 696753\n11  chromedriver                        0x0000000104e34c90 chromedriver + 5823632\n12  chromedriver                        0x0000000104e38b44 chromedriver + 5839684\n13  chromedriver                        0x0000000104e0fe86 chromedriver + 5672582\n14  chromedriver                        0x0000000104e3953b chromedriver + 5842235\n15  chromedriver                        0x0000000104dfe824 chromedriver + 5601316\n16  chromedriver                        0x0000000104e5b618 chromedriver + 5981720\n17  chromedriver                        0x0000000104e5b7df chromedriver + 5982175\n18  chromedriver                        0x0000000104e6cd58 chromedriver + 6053208\n19  libsystem_pthread.dylib             0x00007ff801edd202 _pthread_start + 99\n20  libsystem_pthread.dylib             0x00007ff801ed8bab thread_start + 15\n"}} | headers=HTTPHeaderDict({'Content-Length': '1946', 'Content-Type': 'application/json; charset=utf-8', 'cache-control': 'no-cache'})
2025-03-25 18:40:11,443 - DEBUG - Finished Request
2025-03-25 18:40:11,948 - DEBUG - POST http://localhost:51443/session/c1e0dd34fe2ea259be74f181cf7e3778/element {'using': 'css selector', 'value': "a[href*='maps/place']"}
2025-03-25 18:40:41,969 - DEBUG - http://localhost:51443 "POST /session/c1e0dd34fe2ea259be74f181cf7e3778/element HTTP/1.1" 500 0
2025-03-25 18:40:41,969 - DEBUG - Remote response: status=500 | data={"value":{"error":"timeout","message":"timeout: Timed out receiving message from renderer: 30.000\n  (Session info: chrome=134.0.6998.118)","stacktrace":"0   chromedriver                        0x0000000104e75568 chromedriver + 6088040\n1   chromedriver                        0x0000000104e6d17a chromedriver + 6054266\n2   chromedriver                        0x000000010490c540 chromedriver + 415040\n3   chromedriver                        0x00000001048f364b chromedriver + 312907\n4   chromedriver                        0x00000001048f337d chromedriver + 312189\n5   chromedriver                        0x00000001048f1130 chromedriver + 303408\n6   chromedriver                        0x00000001048f1b6f chromedriver + 306031\n7   chromedriver                        0x000000010490126b chromedriver + 369259\n8   chromedriver                        0x000000010491abbd chromedriver + 474045\n9   chromedriver                        0x00000001049211cb chromedriver + 500171\n10  chromedriver                        0x00000001048f222b chromedriver + 307755\n11  chromedriver                        0x000000010491a91d chromedriver + 473373\n12  chromedriver                        0x00000001049ab90e chromedriver + 1067278\n13  chromedriver                        0x00000001049841c3 chromedriver + 905667\n14  chromedriver                        0x000000010495005a chromedriver + 692314\n15  chromedriver                        0x00000001049511b1 chromedriver + 696753\n16  chromedriver                        0x0000000104e34c90 chromedriver + 5823632\n17  chromedriver                        0x0000000104e38b44 chromedriver + 5839684\n18  chromedriver                        0x0000000104e0fe86 chromedriver + 5672582\n19  chromedriver                        0x0000000104e3953b chromedriver + 5842235\n20  chromedriver                        0x0000000104dfe824 chromedriver + 5601316\n21  chromedriver                        0x0000000104e5b618 chromedriver + 5981720\n22  chromedriver                        0x0000000104e5b7df chromedriver + 5982175\n23  chromedriver                        0x0000000104e6cd58 chromedriver + 6053208\n24  libsystem_pthread.dylib             0x00007ff801edd202 _pthread_start + 99\n25  libsystem_pthread.dylib             0x00007ff801ed8bab thread_start + 15\n"}} | headers=HTTPHeaderDict({'Content-Length': '2294', 'Content-Type': 'application/json; charset=utf-8', 'cache-control': 'no-cache'})
2025-03-25 18:40:41,970 - DEBUG - Finished Request
2025-03-25 18:40:41,970 - ERROR - Failed to get place URL for 'Sia Restaurant Sibiu': Message: timeout: Timed out receiving message from renderer: 30.000
  (Session info: chrome=134.0.6998.118)
Stacktrace:
0   chromedriver                        0x0000000104e75568 chromedriver + 6088040
1   chromedriver                        0x0000000104e6d17a chromedriver + 6054266
2   chromedriver                        0x000000010490c540 chromedriver + 415040
3   chromedriver                        0x00000001048f364b chromedriver + 312907
4   chromedriver                        0x00000001048f337d chromedriver + 312189
5   chromedriver                        0x00000001048f1130 chromedriver + 303408
6   chromedriver                        0x00000001048f1b6f chromedriver + 306031
7   chromedriver                        0x000000010490126b chromedriver + 369259
8   chromedriver                        0x000000010491abbd chromedriver + 474045
9   chromedriver                        0x00000001049211cb chromedriver + 500171
10  chromedriver                        0x00000001048f222b chromedriver + 307755
11  chromedriver                        0x000000010491a91d chromedriver + 473373
12  chromedriver                        0x00000001049ab90e chromedriver + 1067278
13  chromedriver                        0x00000001049841c3 chromedriver + 905667
14  chromedriver                        0x000000010495005a chromedriver + 692314
15  chromedriver                        0x00000001049511b1 chromedriver + 696753
16  chromedriver                        0x0000000104e34c90 chromedriver + 5823632
17  chromedriver                        0x0000000104e38b44 chromedriver + 5839684
18  chromedriver                        0x0000000104e0fe86 chromedriver + 5672582
19  chromedriver                        0x0000000104e3953b chromedriver + 5842235
20  chromedriver                        0x0000000104dfe824 chromedriver + 5601316
21  chromedriver                        0x0000000104e5b618 chromedriver + 5981720
22  chromedriver                        0x0000000104e5b7df chromedriver + 5982175
23  chromedriver                        0x0000000104e6cd58 chromedriver + 6053208
24  libsystem_pthread.dylib             0x00007ff801edd202 _pthread_start + 99
25  libsystem_pthread.dylib             0x00007ff801ed8bab thread_start + 15

2025-03-25 18:40:41,970 - ERROR - Could not find URL for business: Sia Restaurant Sibiu
2025-03-25 18:40:41,970 - DEBUG - DELETE http://localhost:51443/session/c1e0dd34fe2ea259be74f181cf7e3778 {}
2025-03-25 18:40:42,027 - DEBUG - http://localhost:51443 "DELETE /session/c1e0dd34fe2ea259be74f181cf7e3778 HTTP/1.1" 200 0
2025-03-25 18:40:42,027 - DEBUG - Remote response: status=200 | data={"value":null} | headers=HTTPHeaderDict({'Content-Length': '14', 'Content-Type': 'application/json; charset=utf-8', 'cache-control': 'no-cache'})
2025-03-25 18:40:42,027 - DEBUG - Finished Request
2025-03-25 18:40:43,134 - INFO - Chrome driver quit successfully
2025-03-25 18:42:12,043 - INFO - ====== WebDriver manager ======
2025-03-25 18:42:13,735 - INFO - Get LATEST chromedriver version for google-chrome
2025-03-25 18:42:13,742 - DEBUG - Starting new HTTPS connection (1): googlechromelabs.github.io:443
2025-03-25 18:42:13,853 - DEBUG - https://googlechromelabs.github.io:443 "GET /chrome-for-testing/latest-patch-versions-per-build.json HTTP/1.1" 200 10313
2025-03-25 18:42:13,857 - INFO - Get LATEST chromedriver version for google-chrome
2025-03-25 18:42:13,859 - DEBUG - Starting new HTTPS connection (1): googlechromelabs.github.io:443
2025-03-25 18:42:13,957 - DEBUG - https://googlechromelabs.github.io:443 "GET /chrome-for-testing/latest-patch-versions-per-build.json HTTP/1.1" 200 10313
2025-03-25 18:42:13,960 - INFO - Driver [/Users/edi/.wdm/drivers/chromedriver/mac64/134.0.6998.165/chromedriver-mac-x64/chromedriver] found in cache
2025-03-25 18:42:13,960 - DEBUG - Skipping Selenium Manager; path to chrome driver specified in Service class: /Users/edi/.wdm/drivers/chromedriver/mac64/134.0.6998.165/chromedriver-mac-x64/chromedriver
2025-03-25 18:42:13,969 - DEBUG - Started executable: `/Users/edi/.wdm/drivers/chromedriver/mac64/134.0.6998.165/chromedriver-mac-x64/chromedriver` in a child process with pid: 93557 using 0 to output -3
2025-03-25 18:42:16,376 - DEBUG - POST http://localhost:51603/session {'capabilities': {'firstMatch': [{}], 'alwaysMatch': {'browserName': 'chrome', 'pageLoadStrategy': <PageLoadStrategy.normal: 'normal'>, 'goog:chromeOptions': {'extensions': [], 'args': ['--headless', '--no-sandbox', '--disable-dev-shm-usage', '--disable-gpu', '--window-size=1920,1080', '--disable-notifications', '--disable-popup-blocking', 'user-agent=Mozilla/5.0 (X11; Linux x86_64) AppleWebKit/537.36 (KHTML, like Gecko) Chrome/90.0.4430.212 Safari/537.36']}}}}
2025-03-25 18:42:16,378 - DEBUG - Starting new HTTP connection (1): localhost:51603
2025-03-25 18:42:21,920 - DEBUG - http://localhost:51603 "POST /session HTTP/1.1" 200 0
2025-03-25 18:42:21,922 - DEBUG - Remote response: status=200 | data={"value":{"capabilities":{"acceptInsecureCerts":false,"browserName":"chrome","browserVersion":"134.0.6998.118","chrome":{"chromedriverVersion":"134.0.6998.165 (fd886e2cb29dd984c13deec032832dee68d8abe3-refs/branch-heads/6998@{#2122})","userDataDir":"/var/folders/5l/tyj28cyd6qs61fj25wpq_h200000gn/T/.org.chromium.Chromium.k62laU"},"fedcm:accounts":true,"goog:chromeOptions":{"debuggerAddress":"localhost:51627"},"networkConnectionEnabled":false,"pageLoadStrategy":"normal","platformName":"mac","proxy":{},"setWindowRect":true,"strictFileInteractability":false,"timeouts":{"implicit":0,"pageLoad":300000,"script":30000},"unhandledPromptBehavior":"dismiss and notify","webauthn:extension:credBlob":true,"webauthn:extension:largeBlob":true,"webauthn:extension:minPinLength":true,"webauthn:extension:prf":true,"webauthn:virtualAuthenticators":true},"sessionId":"ebcc63c11b489b421681cf551c95cdc1"}} | headers=HTTPHeaderDict({'Content-Length': '892', 'Content-Type': 'application/json; charset=utf-8', 'cache-control': 'no-cache'})
2025-03-25 18:42:21,922 - DEBUG - Finished Request
2025-03-25 18:42:21,923 - DEBUG - POST http://localhost:51603/session/ebcc63c11b489b421681cf551c95cdc1/timeouts {'pageLoad': 30000}
2025-03-25 18:42:21,927 - DEBUG - http://localhost:51603 "POST /session/ebcc63c11b489b421681cf551c95cdc1/timeouts HTTP/1.1" 200 0
2025-03-25 18:42:21,927 - DEBUG - Remote response: status=200 | data={"value":null} | headers=HTTPHeaderDict({'Content-Length': '14', 'Content-Type': 'application/json; charset=utf-8', 'cache-control': 'no-cache'})
2025-03-25 18:42:21,927 - DEBUG - Finished Request
2025-03-25 18:42:21,927 - INFO - Chrome driver started successfully
2025-03-25 18:42:21,927 - DEBUG - POST http://localhost:51603/session/ebcc63c11b489b421681cf551c95cdc1/url {'url': 'https://g.co/kgs/DJx23vf'}
2025-03-25 18:42:36,756 - DEBUG - http://localhost:51603 "POST /session/ebcc63c11b489b421681cf551c95cdc1/url HTTP/1.1" 200 0
2025-03-25 18:42:36,757 - DEBUG - Remote response: status=200 | data={"value":null} | headers=HTTPHeaderDict({'Content-Length': '14', 'Content-Type': 'application/json; charset=utf-8', 'cache-control': 'no-cache'})
2025-03-25 18:42:36,757 - DEBUG - Finished Request
2025-03-25 18:42:36,758 - DEBUG - POST http://localhost:51603/session/ebcc63c11b489b421681cf551c95cdc1/element {'using': 'css selector', 'value': 'div.fontHeadlineSmall'}
2025-03-25 18:42:39,973 - DEBUG - http://localhost:51603 "POST /session/ebcc63c11b489b421681cf551c95cdc1/element HTTP/1.1" 404 0
2025-03-25 18:42:39,973 - DEBUG - Remote response: status=404 | data={"value":{"error":"no such element","message":"no such element: Unable to locate element: {\"method\":\"css selector\",\"selector\":\"div.fontHeadlineSmall\"}\n  (Session info: chrome=134.0.6998.118)","stacktrace":"0   chromedriver                        0x0000000100a32568 chromedriver + 6088040\n1   chromedriver                        0x0000000100a2a17a chromedriver + 6054266\n2   chromedriver                        0x00000001004c9540 chromedriver + 415040\n3   chromedriver                        0x000000010051b0a0 chromedriver + 749728\n4   chromedriver                        0x000000010051b2f1 chromedriver + 750321\n5   chromedriver                        0x000000010056b764 chromedriver + 1079140\n6   chromedriver                        0x000000010054141d chromedriver + 906269\n7   chromedriver                        0x0000000100568a19 chromedriver + 1067545\n8   chromedriver                        0x00000001005411c3 chromedriver + 905667\n9   chromedriver                        0x000000010050d05a chromedriver + 692314\n10  chromedriver                        0x000000010050e1b1 chromedriver + 696753\n11  chromedriver                        0x00000001009f1c90 chromedriver + 5823632\n12  chromedriver                        0x00000001009f5b44 chromedriver + 5839684\n13  chromedriver                        0x00000001009cce86 chromedriver + 5672582\n14  chromedriver                        0x00000001009f653b chromedriver + 5842235\n15  chromedriver                        0x00000001009bb824 chromedriver + 5601316\n16  chromedriver                        0x0000000100a18618 chromedriver + 5981720\n17  chromedriver                        0x0000000100a187df chromedriver + 5982175\n18  chromedriver                        0x0000000100a29d58 chromedriver + 6053208\n19  libsystem_pthread.dylib             0x00007ff801edd202 _pthread_start + 99\n20  libsystem_pthread.dylib             0x00007ff801ed8bab thread_start + 15\n"}} | headers=HTTPHeaderDict({'Content-Length': '1946', 'Content-Type': 'application/json; charset=utf-8', 'cache-control': 'no-cache'})
2025-03-25 18:42:39,973 - DEBUG - Finished Request
2025-03-25 18:42:40,478 - DEBUG - POST http://localhost:51603/session/ebcc63c11b489b421681cf551c95cdc1/element {'using': 'css selector', 'value': 'div.fontHeadlineSmall'}
2025-03-25 18:42:40,637 - DEBUG - http://localhost:51603 "POST /session/ebcc63c11b489b421681cf551c95cdc1/element HTTP/1.1" 404 0
2025-03-25 18:42:40,637 - DEBUG - Remote response: status=404 | data={"value":{"error":"no such element","message":"no such element: Unable to locate element: {\"method\":\"css selector\",\"selector\":\"div.fontHeadlineSmall\"}\n  (Session info: chrome=134.0.6998.118)","stacktrace":"0   chromedriver                        0x0000000100a32568 chromedriver + 6088040\n1   chromedriver                        0x0000000100a2a17a chromedriver + 6054266\n2   chromedriver                        0x00000001004c9540 chromedriver + 415040\n3   chromedriver                        0x000000010051b0a0 chromedriver + 749728\n4   chromedriver                        0x000000010051b2f1 chromedriver + 750321\n5   chromedriver                        0x000000010056b764 chromedriver + 1079140\n6   chromedriver                        0x000000010054141d chromedriver + 906269\n7   chromedriver                        0x0000000100568a19 chromedriver + 1067545\n8   chromedriver                        0x00000001005411c3 chromedriver + 905667\n9   chromedriver                        0x000000010050d05a chromedriver + 692314\n10  chromedriver                        0x000000010050e1b1 chromedriver + 696753\n11  chromedriver                        0x00000001009f1c90 chromedriver + 5823632\n12  chromedriver                        0x00000001009f5b44 chromedriver + 5839684\n13  chromedriver                        0x00000001009cce86 chromedriver + 5672582\n14  chromedriver                        0x00000001009f653b chromedriver + 5842235\n15  chromedriver                        0x00000001009bb824 chromedriver + 5601316\n16  chromedriver                        0x0000000100a18618 chromedriver + 5981720\n17  chromedriver                        0x0000000100a187df chromedriver + 5982175\n18  chromedriver                        0x0000000100a29d58 chromedriver + 6053208\n19  libsystem_pthread.dylib             0x00007ff801edd202 _pthread_start + 99\n20  libsystem_pthread.dylib             0x00007ff801ed8bab thread_start + 15\n"}} | headers=HTTPHeaderDict({'Content-Length': '1946', 'Content-Type': 'application/json; charset=utf-8', 'cache-control': 'no-cache'})
2025-03-25 18:42:40,637 - DEBUG - Finished Request
2025-03-25 18:42:41,140 - DEBUG - POST http://localhost:51603/session/ebcc63c11b489b421681cf551c95cdc1/element {'using': 'css selector', 'value': 'div.fontHeadlineSmall'}
2025-03-25 18:42:41,159 - DEBUG - http://localhost:51603 "POST /session/ebcc63c11b489b421681cf551c95cdc1/element HTTP/1.1" 404 0
2025-03-25 18:42:41,159 - DEBUG - Remote response: status=404 | data={"value":{"error":"no such element","message":"no such element: Unable to locate element: {\"method\":\"css selector\",\"selector\":\"div.fontHeadlineSmall\"}\n  (Session info: chrome=134.0.6998.118)","stacktrace":"0   chromedriver                        0x0000000100a32568 chromedriver + 6088040\n1   chromedriver                        0x0000000100a2a17a chromedriver + 6054266\n2   chromedriver                        0x00000001004c9540 chromedriver + 415040\n3   chromedriver                        0x000000010051b0a0 chromedriver + 749728\n4   chromedriver                        0x000000010051b2f1 chromedriver + 750321\n5   chromedriver                        0x000000010056b764 chromedriver + 1079140\n6   chromedriver                        0x000000010054141d chromedriver + 906269\n7   chromedriver                        0x0000000100568a19 chromedriver + 1067545\n8   chromedriver                        0x00000001005411c3 chromedriver + 905667\n9   chromedriver                        0x000000010050d05a chromedriver + 692314\n10  chromedriver                        0x000000010050e1b1 chromedriver + 696753\n11  chromedriver                        0x00000001009f1c90 chromedriver + 5823632\n12  chromedriver                        0x00000001009f5b44 chromedriver + 5839684\n13  chromedriver                        0x00000001009cce86 chromedriver + 5672582\n14  chromedriver                        0x00000001009f653b chromedriver + 5842235\n15  chromedriver                        0x00000001009bb824 chromedriver + 5601316\n16  chromedriver                        0x0000000100a18618 chromedriver + 5981720\n17  chromedriver                        0x0000000100a187df chromedriver + 5982175\n18  chromedriver                        0x0000000100a29d58 chromedriver + 6053208\n19  libsystem_pthread.dylib             0x00007ff801edd202 _pthread_start + 99\n20  libsystem_pthread.dylib             0x00007ff801ed8bab thread_start + 15\n"}} | headers=HTTPHeaderDict({'Content-Length': '1946', 'Content-Type': 'application/json; charset=utf-8', 'cache-control': 'no-cache'})
2025-03-25 18:42:41,159 - DEBUG - Finished Request
2025-03-25 18:42:41,664 - DEBUG - POST http://localhost:51603/session/ebcc63c11b489b421681cf551c95cdc1/element {'using': 'css selector', 'value': 'div.fontHeadlineSmall'}
2025-03-25 18:42:41,671 - DEBUG - http://localhost:51603 "POST /session/ebcc63c11b489b421681cf551c95cdc1/element HTTP/1.1" 404 0
2025-03-25 18:42:41,671 - DEBUG - Remote response: status=404 | data={"value":{"error":"no such element","message":"no such element: Unable to locate element: {\"method\":\"css selector\",\"selector\":\"div.fontHeadlineSmall\"}\n  (Session info: chrome=134.0.6998.118)","stacktrace":"0   chromedriver                        0x0000000100a32568 chromedriver + 6088040\n1   chromedriver                        0x0000000100a2a17a chromedriver + 6054266\n2   chromedriver                        0x00000001004c9540 chromedriver + 415040\n3   chromedriver                        0x000000010051b0a0 chromedriver + 749728\n4   chromedriver                        0x000000010051b2f1 chromedriver + 750321\n5   chromedriver                        0x000000010056b764 chromedriver + 1079140\n6   chromedriver                        0x000000010054141d chromedriver + 906269\n7   chromedriver                        0x0000000100568a19 chromedriver + 1067545\n8   chromedriver                        0x00000001005411c3 chromedriver + 905667\n9   chromedriver                        0x000000010050d05a chromedriver + 692314\n10  chromedriver                        0x000000010050e1b1 chromedriver + 696753\n11  chromedriver                        0x00000001009f1c90 chromedriver + 5823632\n12  chromedriver                        0x00000001009f5b44 chromedriver + 5839684\n13  chromedriver                        0x00000001009cce86 chromedriver + 5672582\n14  chromedriver                        0x00000001009f653b chromedriver + 5842235\n15  chromedriver                        0x00000001009bb824 chromedriver + 5601316\n16  chromedriver                        0x0000000100a18618 chromedriver + 5981720\n17  chromedriver                        0x0000000100a187df chromedriver + 5982175\n18  chromedriver                        0x0000000100a29d58 chromedriver + 6053208\n19  libsystem_pthread.dylib             0x00007ff801edd202 _pthread_start + 99\n20  libsystem_pthread.dylib             0x00007ff801ed8bab thread_start + 15\n"}} | headers=HTTPHeaderDict({'Content-Length': '1946', 'Content-Type': 'application/json; charset=utf-8', 'cache-control': 'no-cache'})
2025-03-25 18:42:41,671 - DEBUG - Finished Request
2025-03-25 18:42:42,174 - DEBUG - POST http://localhost:51603/session/ebcc63c11b489b421681cf551c95cdc1/element {'using': 'css selector', 'value': 'div.fontHeadlineSmall'}
2025-03-25 18:42:42,205 - DEBUG - http://localhost:51603 "POST /session/ebcc63c11b489b421681cf551c95cdc1/element HTTP/1.1" 404 0
2025-03-25 18:42:42,205 - DEBUG - Remote response: status=404 | data={"value":{"error":"no such element","message":"no such element: Unable to locate element: {\"method\":\"css selector\",\"selector\":\"div.fontHeadlineSmall\"}\n  (Session info: chrome=134.0.6998.118)","stacktrace":"0   chromedriver                        0x0000000100a32568 chromedriver + 6088040\n1   chromedriver                        0x0000000100a2a17a chromedriver + 6054266\n2   chromedriver                        0x00000001004c9540 chromedriver + 415040\n3   chromedriver                        0x000000010051b0a0 chromedriver + 749728\n4   chromedriver                        0x000000010051b2f1 chromedriver + 750321\n5   chromedriver                        0x000000010056b764 chromedriver + 1079140\n6   chromedriver                        0x000000010054141d chromedriver + 906269\n7   chromedriver                        0x0000000100568a19 chromedriver + 1067545\n8   chromedriver                        0x00000001005411c3 chromedriver + 905667\n9   chromedriver                        0x000000010050d05a chromedriver + 692314\n10  chromedriver                        0x000000010050e1b1 chromedriver + 696753\n11  chromedriver                        0x00000001009f1c90 chromedriver + 5823632\n12  chromedriver                        0x00000001009f5b44 chromedriver + 5839684\n13  chromedriver                        0x00000001009cce86 chromedriver + 5672582\n14  chromedriver                        0x00000001009f653b chromedriver + 5842235\n15  chromedriver                        0x00000001009bb824 chromedriver + 5601316\n16  chromedriver                        0x0000000100a18618 chromedriver + 5981720\n17  chromedriver                        0x0000000100a187df chromedriver + 5982175\n18  chromedriver                        0x0000000100a29d58 chromedriver + 6053208\n19  libsystem_pthread.dylib             0x00007ff801edd202 _pthread_start + 99\n20  libsystem_pthread.dylib             0x00007ff801ed8bab thread_start + 15\n"}} | headers=HTTPHeaderDict({'Content-Length': '1946', 'Content-Type': 'application/json; charset=utf-8', 'cache-control': 'no-cache'})
2025-03-25 18:42:42,205 - DEBUG - Finished Request
2025-03-25 18:42:42,710 - DEBUG - POST http://localhost:51603/session/ebcc63c11b489b421681cf551c95cdc1/element {'using': 'css selector', 'value': 'div.fontHeadlineSmall'}
2025-03-25 18:42:57,549 - DEBUG - http://localhost:51603 "POST /session/ebcc63c11b489b421681cf551c95cdc1/element HTTP/1.1" 404 0
2025-03-25 18:42:57,549 - DEBUG - Remote response: status=404 | data={"value":{"error":"no such element","message":"no such element: Unable to locate element: {\"method\":\"css selector\",\"selector\":\"div.fontHeadlineSmall\"}\n  (Session info: chrome=134.0.6998.118)","stacktrace":"0   chromedriver                        0x0000000100a32568 chromedriver + 6088040\n1   chromedriver                        0x0000000100a2a17a chromedriver + 6054266\n2   chromedriver                        0x00000001004c9540 chromedriver + 415040\n3   chromedriver                        0x000000010051b0a0 chromedriver + 749728\n4   chromedriver                        0x000000010051b2f1 chromedriver + 750321\n5   chromedriver                        0x000000010056b764 chromedriver + 1079140\n6   chromedriver                        0x000000010054141d chromedriver + 906269\n7   chromedriver                        0x0000000100568a19 chromedriver + 1067545\n8   chromedriver                        0x00000001005411c3 chromedriver + 905667\n9   chromedriver                        0x000000010050d05a chromedriver + 692314\n10  chromedriver                        0x000000010050e1b1 chromedriver + 696753\n11  chromedriver                        0x00000001009f1c90 chromedriver + 5823632\n12  chromedriver                        0x00000001009f5b44 chromedriver + 5839684\n13  chromedriver                        0x00000001009cce86 chromedriver + 5672582\n14  chromedriver                        0x00000001009f653b chromedriver + 5842235\n15  chromedriver                        0x00000001009bb824 chromedriver + 5601316\n16  chromedriver                        0x0000000100a18618 chromedriver + 5981720\n17  chromedriver                        0x0000000100a187df chromedriver + 5982175\n18  chromedriver                        0x0000000100a29d58 chromedriver + 6053208\n19  libsystem_pthread.dylib             0x00007ff801edd202 _pthread_start + 99\n20  libsystem_pthread.dylib             0x00007ff801ed8bab thread_start + 15\n"}} | headers=HTTPHeaderDict({'Content-Length': '1946', 'Content-Type': 'application/json; charset=utf-8', 'cache-control': 'no-cache'})
2025-03-25 18:42:57,549 - DEBUG - Finished Request
2025-03-25 18:42:58,055 - DEBUG - POST http://localhost:51603/session/ebcc63c11b489b421681cf551c95cdc1/element {'using': 'css selector', 'value': 'div.fontHeadlineSmall'}
2025-03-25 18:42:58,180 - DEBUG - http://localhost:51603 "POST /session/ebcc63c11b489b421681cf551c95cdc1/element HTTP/1.1" 404 0
2025-03-25 18:42:58,180 - DEBUG - Remote response: status=404 | data={"value":{"error":"no such element","message":"no such element: Unable to locate element: {\"method\":\"css selector\",\"selector\":\"div.fontHeadlineSmall\"}\n  (Session info: chrome=134.0.6998.118)","stacktrace":"0   chromedriver                        0x0000000100a32568 chromedriver + 6088040\n1   chromedriver                        0x0000000100a2a17a chromedriver + 6054266\n2   chromedriver                        0x00000001004c9540 chromedriver + 415040\n3   chromedriver                        0x000000010051b0a0 chromedriver + 749728\n4   chromedriver                        0x000000010051b2f1 chromedriver + 750321\n5   chromedriver                        0x000000010056b764 chromedriver + 1079140\n6   chromedriver                        0x000000010054141d chromedriver + 906269\n7   chromedriver                        0x0000000100568a19 chromedriver + 1067545\n8   chromedriver                        0x00000001005411c3 chromedriver + 905667\n9   chromedriver                        0x000000010050d05a chromedriver + 692314\n10  chromedriver                        0x000000010050e1b1 chromedriver + 696753\n11  chromedriver                        0x00000001009f1c90 chromedriver + 5823632\n12  chromedriver                        0x00000001009f5b44 chromedriver + 5839684\n13  chromedriver                        0x00000001009cce86 chromedriver + 5672582\n14  chromedriver                        0x00000001009f653b chromedriver + 5842235\n15  chromedriver                        0x00000001009bb824 chromedriver + 5601316\n16  chromedriver                        0x0000000100a18618 chromedriver + 5981720\n17  chromedriver                        0x0000000100a187df chromedriver + 5982175\n18  chromedriver                        0x0000000100a29d58 chromedriver + 6053208\n19  libsystem_pthread.dylib             0x00007ff801edd202 _pthread_start + 99\n20  libsystem_pthread.dylib             0x00007ff801ed8bab thread_start + 15\n"}} | headers=HTTPHeaderDict({'Content-Length': '1946', 'Content-Type': 'application/json; charset=utf-8', 'cache-control': 'no-cache'})
2025-03-25 18:42:58,180 - DEBUG - Finished Request
2025-03-25 18:42:58,685 - DEBUG - POST http://localhost:51603/session/ebcc63c11b489b421681cf551c95cdc1/element {'using': 'css selector', 'value': 'div.fontHeadlineSmall'}
2025-03-25 18:42:58,918 - DEBUG - http://localhost:51603 "POST /session/ebcc63c11b489b421681cf551c95cdc1/element HTTP/1.1" 404 0
2025-03-25 18:42:58,918 - DEBUG - Remote response: status=404 | data={"value":{"error":"no such element","message":"no such element: Unable to locate element: {\"method\":\"css selector\",\"selector\":\"div.fontHeadlineSmall\"}\n  (Session info: chrome=134.0.6998.118)","stacktrace":"0   chromedriver                        0x0000000100a32568 chromedriver + 6088040\n1   chromedriver                        0x0000000100a2a17a chromedriver + 6054266\n2   chromedriver                        0x00000001004c9540 chromedriver + 415040\n3   chromedriver                        0x000000010051b0a0 chromedriver + 749728\n4   chromedriver                        0x000000010051b2f1 chromedriver + 750321\n5   chromedriver                        0x000000010056b764 chromedriver + 1079140\n6   chromedriver                        0x000000010054141d chromedriver + 906269\n7   chromedriver                        0x0000000100568a19 chromedriver + 1067545\n8   chromedriver                        0x00000001005411c3 chromedriver + 905667\n9   chromedriver                        0x000000010050d05a chromedriver + 692314\n10  chromedriver                        0x000000010050e1b1 chromedriver + 696753\n11  chromedriver                        0x00000001009f1c90 chromedriver + 5823632\n12  chromedriver                        0x00000001009f5b44 chromedriver + 5839684\n13  chromedriver                        0x00000001009cce86 chromedriver + 5672582\n14  chromedriver                        0x00000001009f653b chromedriver + 5842235\n15  chromedriver                        0x00000001009bb824 chromedriver + 5601316\n16  chromedriver                        0x0000000100a18618 chromedriver + 5981720\n17  chromedriver                        0x0000000100a187df chromedriver + 5982175\n18  chromedriver                        0x0000000100a29d58 chromedriver + 6053208\n19  libsystem_pthread.dylib             0x00007ff801edd202 _pthread_start + 99\n20  libsystem_pthread.dylib             0x00007ff801ed8bab thread_start + 15\n"}} | headers=HTTPHeaderDict({'Content-Length': '1946', 'Content-Type': 'application/json; charset=utf-8', 'cache-control': 'no-cache'})
2025-03-25 18:42:58,918 - DEBUG - Finished Request
2025-03-25 18:42:59,420 - DEBUG - POST http://localhost:51603/session/ebcc63c11b489b421681cf551c95cdc1/element {'using': 'css selector', 'value': 'div.fontHeadlineSmall'}
2025-03-25 18:42:59,481 - DEBUG - http://localhost:51603 "POST /session/ebcc63c11b489b421681cf551c95cdc1/element HTTP/1.1" 404 0
2025-03-25 18:42:59,481 - DEBUG - Remote response: status=404 | data={"value":{"error":"no such element","message":"no such element: Unable to locate element: {\"method\":\"css selector\",\"selector\":\"div.fontHeadlineSmall\"}\n  (Session info: chrome=134.0.6998.118)","stacktrace":"0   chromedriver                        0x0000000100a32568 chromedriver + 6088040\n1   chromedriver                        0x0000000100a2a17a chromedriver + 6054266\n2   chromedriver                        0x00000001004c9540 chromedriver + 415040\n3   chromedriver                        0x000000010051b0a0 chromedriver + 749728\n4   chromedriver                        0x000000010051b2f1 chromedriver + 750321\n5   chromedriver                        0x000000010056b764 chromedriver + 1079140\n6   chromedriver                        0x000000010054141d chromedriver + 906269\n7   chromedriver                        0x0000000100568a19 chromedriver + 1067545\n8   chromedriver                        0x00000001005411c3 chromedriver + 905667\n9   chromedriver                        0x000000010050d05a chromedriver + 692314\n10  chromedriver                        0x000000010050e1b1 chromedriver + 696753\n11  chromedriver                        0x00000001009f1c90 chromedriver + 5823632\n12  chromedriver                        0x00000001009f5b44 chromedriver + 5839684\n13  chromedriver                        0x00000001009cce86 chromedriver + 5672582\n14  chromedriver                        0x00000001009f653b chromedriver + 5842235\n15  chromedriver                        0x00000001009bb824 chromedriver + 5601316\n16  chromedriver                        0x0000000100a18618 chromedriver + 5981720\n17  chromedriver                        0x0000000100a187df chromedriver + 5982175\n18  chromedriver                        0x0000000100a29d58 chromedriver + 6053208\n19  libsystem_pthread.dylib             0x00007ff801edd202 _pthread_start + 99\n20  libsystem_pthread.dylib             0x00007ff801ed8bab thread_start + 15\n"}} | headers=HTTPHeaderDict({'Content-Length': '1946', 'Content-Type': 'application/json; charset=utf-8', 'cache-control': 'no-cache'})
2025-03-25 18:42:59,481 - DEBUG - Finished Request
2025-03-25 18:42:59,986 - DEBUG - POST http://localhost:51603/session/ebcc63c11b489b421681cf551c95cdc1/element {'using': 'css selector', 'value': 'div.fontHeadlineSmall'}
2025-03-25 18:43:00,060 - DEBUG - http://localhost:51603 "POST /session/ebcc63c11b489b421681cf551c95cdc1/element HTTP/1.1" 404 0
2025-03-25 18:43:00,060 - DEBUG - Remote response: status=404 | data={"value":{"error":"no such element","message":"no such element: Unable to locate element: {\"method\":\"css selector\",\"selector\":\"div.fontHeadlineSmall\"}\n  (Session info: chrome=134.0.6998.118)","stacktrace":"0   chromedriver                        0x0000000100a32568 chromedriver + 6088040\n1   chromedriver                        0x0000000100a2a17a chromedriver + 6054266\n2   chromedriver                        0x00000001004c9540 chromedriver + 415040\n3   chromedriver                        0x000000010051b0a0 chromedriver + 749728\n4   chromedriver                        0x000000010051b2f1 chromedriver + 750321\n5   chromedriver                        0x000000010056b764 chromedriver + 1079140\n6   chromedriver                        0x000000010054141d chromedriver + 906269\n7   chromedriver                        0x0000000100568a19 chromedriver + 1067545\n8   chromedriver                        0x00000001005411c3 chromedriver + 905667\n9   chromedriver                        0x000000010050d05a chromedriver + 692314\n10  chromedriver                        0x000000010050e1b1 chromedriver + 696753\n11  chromedriver                        0x00000001009f1c90 chromedriver + 5823632\n12  chromedriver                        0x00000001009f5b44 chromedriver + 5839684\n13  chromedriver                        0x00000001009cce86 chromedriver + 5672582\n14  chromedriver                        0x00000001009f653b chromedriver + 5842235\n15  chromedriver                        0x00000001009bb824 chromedriver + 5601316\n16  chromedriver                        0x0000000100a18618 chromedriver + 5981720\n17  chromedriver                        0x0000000100a187df chromedriver + 5982175\n18  chromedriver                        0x0000000100a29d58 chromedriver + 6053208\n19  libsystem_pthread.dylib             0x00007ff801edd202 _pthread_start + 99\n20  libsystem_pthread.dylib             0x00007ff801ed8bab thread_start + 15\n"}} | headers=HTTPHeaderDict({'Content-Length': '1946', 'Content-Type': 'application/json; charset=utf-8', 'cache-control': 'no-cache'})
2025-03-25 18:43:00,060 - DEBUG - Finished Request
2025-03-25 18:43:00,562 - DEBUG - POST http://localhost:51603/session/ebcc63c11b489b421681cf551c95cdc1/element {'using': 'css selector', 'value': 'div.fontHeadlineSmall'}
2025-03-25 18:43:00,571 - DEBUG - http://localhost:51603 "POST /session/ebcc63c11b489b421681cf551c95cdc1/element HTTP/1.1" 404 0
2025-03-25 18:43:00,572 - DEBUG - Remote response: status=404 | data={"value":{"error":"no such element","message":"no such element: Unable to locate element: {\"method\":\"css selector\",\"selector\":\"div.fontHeadlineSmall\"}\n  (Session info: chrome=134.0.6998.118)","stacktrace":"0   chromedriver                        0x0000000100a32568 chromedriver + 6088040\n1   chromedriver                        0x0000000100a2a17a chromedriver + 6054266\n2   chromedriver                        0x00000001004c9540 chromedriver + 415040\n3   chromedriver                        0x000000010051b0a0 chromedriver + 749728\n4   chromedriver                        0x000000010051b2f1 chromedriver + 750321\n5   chromedriver                        0x000000010056b764 chromedriver + 1079140\n6   chromedriver                        0x000000010054141d chromedriver + 906269\n7   chromedriver                        0x0000000100568a19 chromedriver + 1067545\n8   chromedriver                        0x00000001005411c3 chromedriver + 905667\n9   chromedriver                        0x000000010050d05a chromedriver + 692314\n10  chromedriver                        0x000000010050e1b1 chromedriver + 696753\n11  chromedriver                        0x00000001009f1c90 chromedriver + 5823632\n12  chromedriver                        0x00000001009f5b44 chromedriver + 5839684\n13  chromedriver                        0x00000001009cce86 chromedriver + 5672582\n14  chromedriver                        0x00000001009f653b chromedriver + 5842235\n15  chromedriver                        0x00000001009bb824 chromedriver + 5601316\n16  chromedriver                        0x0000000100a18618 chromedriver + 5981720\n17  chromedriver                        0x0000000100a187df chromedriver + 5982175\n18  chromedriver                        0x0000000100a29d58 chromedriver + 6053208\n19  libsystem_pthread.dylib             0x00007ff801edd202 _pthread_start + 99\n20  libsystem_pthread.dylib             0x00007ff801ed8bab thread_start + 15\n"}} | headers=HTTPHeaderDict({'Content-Length': '1946', 'Content-Type': 'application/json; charset=utf-8', 'cache-control': 'no-cache'})
2025-03-25 18:43:00,572 - DEBUG - Finished Request
2025-03-25 18:43:01,077 - DEBUG - POST http://localhost:51603/session/ebcc63c11b489b421681cf551c95cdc1/element {'using': 'css selector', 'value': 'div.fontHeadlineSmall'}
2025-03-25 18:43:01,092 - DEBUG - http://localhost:51603 "POST /session/ebcc63c11b489b421681cf551c95cdc1/element HTTP/1.1" 404 0
2025-03-25 18:43:01,093 - DEBUG - Remote response: status=404 | data={"value":{"error":"no such element","message":"no such element: Unable to locate element: {\"method\":\"css selector\",\"selector\":\"div.fontHeadlineSmall\"}\n  (Session info: chrome=134.0.6998.118)","stacktrace":"0   chromedriver                        0x0000000100a32568 chromedriver + 6088040\n1   chromedriver                        0x0000000100a2a17a chromedriver + 6054266\n2   chromedriver                        0x00000001004c9540 chromedriver + 415040\n3   chromedriver                        0x000000010051b0a0 chromedriver + 749728\n4   chromedriver                        0x000000010051b2f1 chromedriver + 750321\n5   chromedriver                        0x000000010056b764 chromedriver + 1079140\n6   chromedriver                        0x000000010054141d chromedriver + 906269\n7   chromedriver                        0x0000000100568a19 chromedriver + 1067545\n8   chromedriver                        0x00000001005411c3 chromedriver + 905667\n9   chromedriver                        0x000000010050d05a chromedriver + 692314\n10  chromedriver                        0x000000010050e1b1 chromedriver + 696753\n11  chromedriver                        0x00000001009f1c90 chromedriver + 5823632\n12  chromedriver                        0x00000001009f5b44 chromedriver + 5839684\n13  chromedriver                        0x00000001009cce86 chromedriver + 5672582\n14  chromedriver                        0x00000001009f653b chromedriver + 5842235\n15  chromedriver                        0x00000001009bb824 chromedriver + 5601316\n16  chromedriver                        0x0000000100a18618 chromedriver + 5981720\n17  chromedriver                        0x0000000100a187df chromedriver + 5982175\n18  chromedriver                        0x0000000100a29d58 chromedriver + 6053208\n19  libsystem_pthread.dylib             0x00007ff801edd202 _pthread_start + 99\n20  libsystem_pthread.dylib             0x00007ff801ed8bab thread_start + 15\n"}} | headers=HTTPHeaderDict({'Content-Length': '1946', 'Content-Type': 'application/json; charset=utf-8', 'cache-control': 'no-cache'})
2025-03-25 18:43:01,093 - DEBUG - Finished Request
2025-03-25 18:43:01,598 - DEBUG - POST http://localhost:51603/session/ebcc63c11b489b421681cf551c95cdc1/element {'using': 'css selector', 'value': 'div.fontHeadlineSmall'}
2025-03-25 18:43:01,617 - DEBUG - http://localhost:51603 "POST /session/ebcc63c11b489b421681cf551c95cdc1/element HTTP/1.1" 404 0
2025-03-25 18:43:01,617 - DEBUG - Remote response: status=404 | data={"value":{"error":"no such element","message":"no such element: Unable to locate element: {\"method\":\"css selector\",\"selector\":\"div.fontHeadlineSmall\"}\n  (Session info: chrome=134.0.6998.118)","stacktrace":"0   chromedriver                        0x0000000100a32568 chromedriver + 6088040\n1   chromedriver                        0x0000000100a2a17a chromedriver + 6054266\n2   chromedriver                        0x00000001004c9540 chromedriver + 415040\n3   chromedriver                        0x000000010051b0a0 chromedriver + 749728\n4   chromedriver                        0x000000010051b2f1 chromedriver + 750321\n5   chromedriver                        0x000000010056b764 chromedriver + 1079140\n6   chromedriver                        0x000000010054141d chromedriver + 906269\n7   chromedriver                        0x0000000100568a19 chromedriver + 1067545\n8   chromedriver                        0x00000001005411c3 chromedriver + 905667\n9   chromedriver                        0x000000010050d05a chromedriver + 692314\n10  chromedriver                        0x000000010050e1b1 chromedriver + 696753\n11  chromedriver                        0x00000001009f1c90 chromedriver + 5823632\n12  chromedriver                        0x00000001009f5b44 chromedriver + 5839684\n13  chromedriver                        0x00000001009cce86 chromedriver + 5672582\n14  chromedriver                        0x00000001009f653b chromedriver + 5842235\n15  chromedriver                        0x00000001009bb824 chromedriver + 5601316\n16  chromedriver                        0x0000000100a18618 chromedriver + 5981720\n17  chromedriver                        0x0000000100a187df chromedriver + 5982175\n18  chromedriver                        0x0000000100a29d58 chromedriver + 6053208\n19  libsystem_pthread.dylib             0x00007ff801edd202 _pthread_start + 99\n20  libsystem_pthread.dylib             0x00007ff801ed8bab thread_start + 15\n"}} | headers=HTTPHeaderDict({'Content-Length': '1946', 'Content-Type': 'application/json; charset=utf-8', 'cache-control': 'no-cache'})
2025-03-25 18:43:01,617 - DEBUG - Finished Request
2025-03-25 18:43:02,123 - DEBUG - POST http://localhost:51603/session/ebcc63c11b489b421681cf551c95cdc1/element {'using': 'css selector', 'value': 'div.fontHeadlineSmall'}
2025-03-25 18:43:02,134 - DEBUG - http://localhost:51603 "POST /session/ebcc63c11b489b421681cf551c95cdc1/element HTTP/1.1" 404 0
2025-03-25 18:43:02,134 - DEBUG - Remote response: status=404 | data={"value":{"error":"no such element","message":"no such element: Unable to locate element: {\"method\":\"css selector\",\"selector\":\"div.fontHeadlineSmall\"}\n  (Session info: chrome=134.0.6998.118)","stacktrace":"0   chromedriver                        0x0000000100a32568 chromedriver + 6088040\n1   chromedriver                        0x0000000100a2a17a chromedriver + 6054266\n2   chromedriver                        0x00000001004c9540 chromedriver + 415040\n3   chromedriver                        0x000000010051b0a0 chromedriver + 749728\n4   chromedriver                        0x000000010051b2f1 chromedriver + 750321\n5   chromedriver                        0x000000010056b764 chromedriver + 1079140\n6   chromedriver                        0x000000010054141d chromedriver + 906269\n7   chromedriver                        0x0000000100568a19 chromedriver + 1067545\n8   chromedriver                        0x00000001005411c3 chromedriver + 905667\n9   chromedriver                        0x000000010050d05a chromedriver + 692314\n10  chromedriver                        0x000000010050e1b1 chromedriver + 696753\n11  chromedriver                        0x00000001009f1c90 chromedriver + 5823632\n12  chromedriver                        0x00000001009f5b44 chromedriver + 5839684\n13  chromedriver                        0x00000001009cce86 chromedriver + 5672582\n14  chromedriver                        0x00000001009f653b chromedriver + 5842235\n15  chromedriver                        0x00000001009bb824 chromedriver + 5601316\n16  chromedriver                        0x0000000100a18618 chromedriver + 5981720\n17  chromedriver                        0x0000000100a187df chromedriver + 5982175\n18  chromedriver                        0x0000000100a29d58 chromedriver + 6053208\n19  libsystem_pthread.dylib             0x00007ff801edd202 _pthread_start + 99\n20  libsystem_pthread.dylib             0x00007ff801ed8bab thread_start + 15\n"}} | headers=HTTPHeaderDict({'Content-Length': '1946', 'Content-Type': 'application/json; charset=utf-8', 'cache-control': 'no-cache'})
2025-03-25 18:43:02,134 - DEBUG - Finished Request
2025-03-25 18:43:02,640 - DEBUG - POST http://localhost:51603/session/ebcc63c11b489b421681cf551c95cdc1/element {'using': 'css selector', 'value': 'div.fontHeadlineSmall'}
2025-03-25 18:43:02,654 - DEBUG - http://localhost:51603 "POST /session/ebcc63c11b489b421681cf551c95cdc1/element HTTP/1.1" 404 0
2025-03-25 18:43:02,654 - DEBUG - Remote response: status=404 | data={"value":{"error":"no such element","message":"no such element: Unable to locate element: {\"method\":\"css selector\",\"selector\":\"div.fontHeadlineSmall\"}\n  (Session info: chrome=134.0.6998.118)","stacktrace":"0   chromedriver                        0x0000000100a32568 chromedriver + 6088040\n1   chromedriver                        0x0000000100a2a17a chromedriver + 6054266\n2   chromedriver                        0x00000001004c9540 chromedriver + 415040\n3   chromedriver                        0x000000010051b0a0 chromedriver + 749728\n4   chromedriver                        0x000000010051b2f1 chromedriver + 750321\n5   chromedriver                        0x000000010056b764 chromedriver + 1079140\n6   chromedriver                        0x000000010054141d chromedriver + 906269\n7   chromedriver                        0x0000000100568a19 chromedriver + 1067545\n8   chromedriver                        0x00000001005411c3 chromedriver + 905667\n9   chromedriver                        0x000000010050d05a chromedriver + 692314\n10  chromedriver                        0x000000010050e1b1 chromedriver + 696753\n11  chromedriver                        0x00000001009f1c90 chromedriver + 5823632\n12  chromedriver                        0x00000001009f5b44 chromedriver + 5839684\n13  chromedriver                        0x00000001009cce86 chromedriver + 5672582\n14  chromedriver                        0x00000001009f653b chromedriver + 5842235\n15  chromedriver                        0x00000001009bb824 chromedriver + 5601316\n16  chromedriver                        0x0000000100a18618 chromedriver + 5981720\n17  chromedriver                        0x0000000100a187df chromedriver + 5982175\n18  chromedriver                        0x0000000100a29d58 chromedriver + 6053208\n19  libsystem_pthread.dylib             0x00007ff801edd202 _pthread_start + 99\n20  libsystem_pthread.dylib             0x00007ff801ed8bab thread_start + 15\n"}} | headers=HTTPHeaderDict({'Content-Length': '1946', 'Content-Type': 'application/json; charset=utf-8', 'cache-control': 'no-cache'})
2025-03-25 18:43:02,654 - DEBUG - Finished Request
2025-03-25 18:43:03,157 - DEBUG - POST http://localhost:51603/session/ebcc63c11b489b421681cf551c95cdc1/element {'using': 'css selector', 'value': 'div.fontHeadlineSmall'}
2025-03-25 18:43:03,163 - DEBUG - http://localhost:51603 "POST /session/ebcc63c11b489b421681cf551c95cdc1/element HTTP/1.1" 404 0
2025-03-25 18:43:03,163 - DEBUG - Remote response: status=404 | data={"value":{"error":"no such element","message":"no such element: Unable to locate element: {\"method\":\"css selector\",\"selector\":\"div.fontHeadlineSmall\"}\n  (Session info: chrome=134.0.6998.118)","stacktrace":"0   chromedriver                        0x0000000100a32568 chromedriver + 6088040\n1   chromedriver                        0x0000000100a2a17a chromedriver + 6054266\n2   chromedriver                        0x00000001004c9540 chromedriver + 415040\n3   chromedriver                        0x000000010051b0a0 chromedriver + 749728\n4   chromedriver                        0x000000010051b2f1 chromedriver + 750321\n5   chromedriver                        0x000000010056b764 chromedriver + 1079140\n6   chromedriver                        0x000000010054141d chromedriver + 906269\n7   chromedriver                        0x0000000100568a19 chromedriver + 1067545\n8   chromedriver                        0x00000001005411c3 chromedriver + 905667\n9   chromedriver                        0x000000010050d05a chromedriver + 692314\n10  chromedriver                        0x000000010050e1b1 chromedriver + 696753\n11  chromedriver                        0x00000001009f1c90 chromedriver + 5823632\n12  chromedriver                        0x00000001009f5b44 chromedriver + 5839684\n13  chromedriver                        0x00000001009cce86 chromedriver + 5672582\n14  chromedriver                        0x00000001009f653b chromedriver + 5842235\n15  chromedriver                        0x00000001009bb824 chromedriver + 5601316\n16  chromedriver                        0x0000000100a18618 chromedriver + 5981720\n17  chromedriver                        0x0000000100a187df chromedriver + 5982175\n18  chromedriver                        0x0000000100a29d58 chromedriver + 6053208\n19  libsystem_pthread.dylib             0x00007ff801edd202 _pthread_start + 99\n20  libsystem_pthread.dylib             0x00007ff801ed8bab thread_start + 15\n"}} | headers=HTTPHeaderDict({'Content-Length': '1946', 'Content-Type': 'application/json; charset=utf-8', 'cache-control': 'no-cache'})
2025-03-25 18:43:03,163 - DEBUG - Finished Request
2025-03-25 18:43:03,668 - DEBUG - POST http://localhost:51603/session/ebcc63c11b489b421681cf551c95cdc1/element {'using': 'css selector', 'value': 'div.fontHeadlineSmall'}
2025-03-25 18:43:03,682 - DEBUG - http://localhost:51603 "POST /session/ebcc63c11b489b421681cf551c95cdc1/element HTTP/1.1" 404 0
2025-03-25 18:43:03,682 - DEBUG - Remote response: status=404 | data={"value":{"error":"no such element","message":"no such element: Unable to locate element: {\"method\":\"css selector\",\"selector\":\"div.fontHeadlineSmall\"}\n  (Session info: chrome=134.0.6998.118)","stacktrace":"0   chromedriver                        0x0000000100a32568 chromedriver + 6088040\n1   chromedriver                        0x0000000100a2a17a chromedriver + 6054266\n2   chromedriver                        0x00000001004c9540 chromedriver + 415040\n3   chromedriver                        0x000000010051b0a0 chromedriver + 749728\n4   chromedriver                        0x000000010051b2f1 chromedriver + 750321\n5   chromedriver                        0x000000010056b764 chromedriver + 1079140\n6   chromedriver                        0x000000010054141d chromedriver + 906269\n7   chromedriver                        0x0000000100568a19 chromedriver + 1067545\n8   chromedriver                        0x00000001005411c3 chromedriver + 905667\n9   chromedriver                        0x000000010050d05a chromedriver + 692314\n10  chromedriver                        0x000000010050e1b1 chromedriver + 696753\n11  chromedriver                        0x00000001009f1c90 chromedriver + 5823632\n12  chromedriver                        0x00000001009f5b44 chromedriver + 5839684\n13  chromedriver                        0x00000001009cce86 chromedriver + 5672582\n14  chromedriver                        0x00000001009f653b chromedriver + 5842235\n15  chromedriver                        0x00000001009bb824 chromedriver + 5601316\n16  chromedriver                        0x0000000100a18618 chromedriver + 5981720\n17  chromedriver                        0x0000000100a187df chromedriver + 5982175\n18  chromedriver                        0x0000000100a29d58 chromedriver + 6053208\n19  libsystem_pthread.dylib             0x00007ff801edd202 _pthread_start + 99\n20  libsystem_pthread.dylib             0x00007ff801ed8bab thread_start + 15\n"}} | headers=HTTPHeaderDict({'Content-Length': '1946', 'Content-Type': 'application/json; charset=utf-8', 'cache-control': 'no-cache'})
2025-03-25 18:43:03,682 - DEBUG - Finished Request
2025-03-25 18:43:04,188 - DEBUG - POST http://localhost:51603/session/ebcc63c11b489b421681cf551c95cdc1/element {'using': 'css selector', 'value': 'div.fontHeadlineSmall'}
2025-03-25 18:43:04,203 - DEBUG - http://localhost:51603 "POST /session/ebcc63c11b489b421681cf551c95cdc1/element HTTP/1.1" 404 0
2025-03-25 18:43:04,203 - DEBUG - Remote response: status=404 | data={"value":{"error":"no such element","message":"no such element: Unable to locate element: {\"method\":\"css selector\",\"selector\":\"div.fontHeadlineSmall\"}\n  (Session info: chrome=134.0.6998.118)","stacktrace":"0   chromedriver                        0x0000000100a32568 chromedriver + 6088040\n1   chromedriver                        0x0000000100a2a17a chromedriver + 6054266\n2   chromedriver                        0x00000001004c9540 chromedriver + 415040\n3   chromedriver                        0x000000010051b0a0 chromedriver + 749728\n4   chromedriver                        0x000000010051b2f1 chromedriver + 750321\n5   chromedriver                        0x000000010056b764 chromedriver + 1079140\n6   chromedriver                        0x000000010054141d chromedriver + 906269\n7   chromedriver                        0x0000000100568a19 chromedriver + 1067545\n8   chromedriver                        0x00000001005411c3 chromedriver + 905667\n9   chromedriver                        0x000000010050d05a chromedriver + 692314\n10  chromedriver                        0x000000010050e1b1 chromedriver + 696753\n11  chromedriver                        0x00000001009f1c90 chromedriver + 5823632\n12  chromedriver                        0x00000001009f5b44 chromedriver + 5839684\n13  chromedriver                        0x00000001009cce86 chromedriver + 5672582\n14  chromedriver                        0x00000001009f653b chromedriver + 5842235\n15  chromedriver                        0x00000001009bb824 chromedriver + 5601316\n16  chromedriver                        0x0000000100a18618 chromedriver + 5981720\n17  chromedriver                        0x0000000100a187df chromedriver + 5982175\n18  chromedriver                        0x0000000100a29d58 chromedriver + 6053208\n19  libsystem_pthread.dylib             0x00007ff801edd202 _pthread_start + 99\n20  libsystem_pthread.dylib             0x00007ff801ed8bab thread_start + 15\n"}} | headers=HTTPHeaderDict({'Content-Length': '1946', 'Content-Type': 'application/json; charset=utf-8', 'cache-control': 'no-cache'})
2025-03-25 18:43:04,203 - DEBUG - Finished Request
2025-03-25 18:43:04,709 - DEBUG - POST http://localhost:51603/session/ebcc63c11b489b421681cf551c95cdc1/element {'using': 'css selector', 'value': 'div.fontHeadlineSmall'}
2025-03-25 18:43:04,726 - DEBUG - http://localhost:51603 "POST /session/ebcc63c11b489b421681cf551c95cdc1/element HTTP/1.1" 404 0
2025-03-25 18:43:04,726 - DEBUG - Remote response: status=404 | data={"value":{"error":"no such element","message":"no such element: Unable to locate element: {\"method\":\"css selector\",\"selector\":\"div.fontHeadlineSmall\"}\n  (Session info: chrome=134.0.6998.118)","stacktrace":"0   chromedriver                        0x0000000100a32568 chromedriver + 6088040\n1   chromedriver                        0x0000000100a2a17a chromedriver + 6054266\n2   chromedriver                        0x00000001004c9540 chromedriver + 415040\n3   chromedriver                        0x000000010051b0a0 chromedriver + 749728\n4   chromedriver                        0x000000010051b2f1 chromedriver + 750321\n5   chromedriver                        0x000000010056b764 chromedriver + 1079140\n6   chromedriver                        0x000000010054141d chromedriver + 906269\n7   chromedriver                        0x0000000100568a19 chromedriver + 1067545\n8   chromedriver                        0x00000001005411c3 chromedriver + 905667\n9   chromedriver                        0x000000010050d05a chromedriver + 692314\n10  chromedriver                        0x000000010050e1b1 chromedriver + 696753\n11  chromedriver                        0x00000001009f1c90 chromedriver + 5823632\n12  chromedriver                        0x00000001009f5b44 chromedriver + 5839684\n13  chromedriver                        0x00000001009cce86 chromedriver + 5672582\n14  chromedriver                        0x00000001009f653b chromedriver + 5842235\n15  chromedriver                        0x00000001009bb824 chromedriver + 5601316\n16  chromedriver                        0x0000000100a18618 chromedriver + 5981720\n17  chromedriver                        0x0000000100a187df chromedriver + 5982175\n18  chromedriver                        0x0000000100a29d58 chromedriver + 6053208\n19  libsystem_pthread.dylib             0x00007ff801edd202 _pthread_start + 99\n20  libsystem_pthread.dylib             0x00007ff801ed8bab thread_start + 15\n"}} | headers=HTTPHeaderDict({'Content-Length': '1946', 'Content-Type': 'application/json; charset=utf-8', 'cache-control': 'no-cache'})
2025-03-25 18:43:04,726 - DEBUG - Finished Request
2025-03-25 18:43:05,232 - DEBUG - POST http://localhost:51603/session/ebcc63c11b489b421681cf551c95cdc1/element {'using': 'css selector', 'value': 'div.fontHeadlineSmall'}
2025-03-25 18:43:05,244 - DEBUG - http://localhost:51603 "POST /session/ebcc63c11b489b421681cf551c95cdc1/element HTTP/1.1" 404 0
2025-03-25 18:43:05,244 - DEBUG - Remote response: status=404 | data={"value":{"error":"no such element","message":"no such element: Unable to locate element: {\"method\":\"css selector\",\"selector\":\"div.fontHeadlineSmall\"}\n  (Session info: chrome=134.0.6998.118)","stacktrace":"0   chromedriver                        0x0000000100a32568 chromedriver + 6088040\n1   chromedriver                        0x0000000100a2a17a chromedriver + 6054266\n2   chromedriver                        0x00000001004c9540 chromedriver + 415040\n3   chromedriver                        0x000000010051b0a0 chromedriver + 749728\n4   chromedriver                        0x000000010051b2f1 chromedriver + 750321\n5   chromedriver                        0x000000010056b764 chromedriver + 1079140\n6   chromedriver                        0x000000010054141d chromedriver + 906269\n7   chromedriver                        0x0000000100568a19 chromedriver + 1067545\n8   chromedriver                        0x00000001005411c3 chromedriver + 905667\n9   chromedriver                        0x000000010050d05a chromedriver + 692314\n10  chromedriver                        0x000000010050e1b1 chromedriver + 696753\n11  chromedriver                        0x00000001009f1c90 chromedriver + 5823632\n12  chromedriver                        0x00000001009f5b44 chromedriver + 5839684\n13  chromedriver                        0x00000001009cce86 chromedriver + 5672582\n14  chromedriver                        0x00000001009f653b chromedriver + 5842235\n15  chromedriver                        0x00000001009bb824 chromedriver + 5601316\n16  chromedriver                        0x0000000100a18618 chromedriver + 5981720\n17  chromedriver                        0x0000000100a187df chromedriver + 5982175\n18  chromedriver                        0x0000000100a29d58 chromedriver + 6053208\n19  libsystem_pthread.dylib             0x00007ff801edd202 _pthread_start + 99\n20  libsystem_pthread.dylib             0x00007ff801ed8bab thread_start + 15\n"}} | headers=HTTPHeaderDict({'Content-Length': '1946', 'Content-Type': 'application/json; charset=utf-8', 'cache-control': 'no-cache'})
2025-03-25 18:43:05,244 - DEBUG - Finished Request
2025-03-25 18:43:05,749 - DEBUG - POST http://localhost:51603/session/ebcc63c11b489b421681cf551c95cdc1/element {'using': 'css selector', 'value': 'div.fontHeadlineSmall'}
2025-03-25 18:43:05,760 - DEBUG - http://localhost:51603 "POST /session/ebcc63c11b489b421681cf551c95cdc1/element HTTP/1.1" 404 0
2025-03-25 18:43:05,760 - DEBUG - Remote response: status=404 | data={"value":{"error":"no such element","message":"no such element: Unable to locate element: {\"method\":\"css selector\",\"selector\":\"div.fontHeadlineSmall\"}\n  (Session info: chrome=134.0.6998.118)","stacktrace":"0   chromedriver                        0x0000000100a32568 chromedriver + 6088040\n1   chromedriver                        0x0000000100a2a17a chromedriver + 6054266\n2   chromedriver                        0x00000001004c9540 chromedriver + 415040\n3   chromedriver                        0x000000010051b0a0 chromedriver + 749728\n4   chromedriver                        0x000000010051b2f1 chromedriver + 750321\n5   chromedriver                        0x000000010056b764 chromedriver + 1079140\n6   chromedriver                        0x000000010054141d chromedriver + 906269\n7   chromedriver                        0x0000000100568a19 chromedriver + 1067545\n8   chromedriver                        0x00000001005411c3 chromedriver + 905667\n9   chromedriver                        0x000000010050d05a chromedriver + 692314\n10  chromedriver                        0x000000010050e1b1 chromedriver + 696753\n11  chromedriver                        0x00000001009f1c90 chromedriver + 5823632\n12  chromedriver                        0x00000001009f5b44 chromedriver + 5839684\n13  chromedriver                        0x00000001009cce86 chromedriver + 5672582\n14  chromedriver                        0x00000001009f653b chromedriver + 5842235\n15  chromedriver                        0x00000001009bb824 chromedriver + 5601316\n16  chromedriver                        0x0000000100a18618 chromedriver + 5981720\n17  chromedriver                        0x0000000100a187df chromedriver + 5982175\n18  chromedriver                        0x0000000100a29d58 chromedriver + 6053208\n19  libsystem_pthread.dylib             0x00007ff801edd202 _pthread_start + 99\n20  libsystem_pthread.dylib             0x00007ff801ed8bab thread_start + 15\n"}} | headers=HTTPHeaderDict({'Content-Length': '1946', 'Content-Type': 'application/json; charset=utf-8', 'cache-control': 'no-cache'})
2025-03-25 18:43:05,760 - DEBUG - Finished Request
2025-03-25 18:43:06,261 - DEBUG - POST http://localhost:51603/session/ebcc63c11b489b421681cf551c95cdc1/element {'using': 'css selector', 'value': 'div.fontHeadlineSmall'}
2025-03-25 18:43:06,272 - DEBUG - http://localhost:51603 "POST /session/ebcc63c11b489b421681cf551c95cdc1/element HTTP/1.1" 404 0
2025-03-25 18:43:06,272 - DEBUG - Remote response: status=404 | data={"value":{"error":"no such element","message":"no such element: Unable to locate element: {\"method\":\"css selector\",\"selector\":\"div.fontHeadlineSmall\"}\n  (Session info: chrome=134.0.6998.118)","stacktrace":"0   chromedriver                        0x0000000100a32568 chromedriver + 6088040\n1   chromedriver                        0x0000000100a2a17a chromedriver + 6054266\n2   chromedriver                        0x00000001004c9540 chromedriver + 415040\n3   chromedriver                        0x000000010051b0a0 chromedriver + 749728\n4   chromedriver                        0x000000010051b2f1 chromedriver + 750321\n5   chromedriver                        0x000000010056b764 chromedriver + 1079140\n6   chromedriver                        0x000000010054141d chromedriver + 906269\n7   chromedriver                        0x0000000100568a19 chromedriver + 1067545\n8   chromedriver                        0x00000001005411c3 chromedriver + 905667\n9   chromedriver                        0x000000010050d05a chromedriver + 692314\n10  chromedriver                        0x000000010050e1b1 chromedriver + 696753\n11  chromedriver                        0x00000001009f1c90 chromedriver + 5823632\n12  chromedriver                        0x00000001009f5b44 chromedriver + 5839684\n13  chromedriver                        0x00000001009cce86 chromedriver + 5672582\n14  chromedriver                        0x00000001009f653b chromedriver + 5842235\n15  chromedriver                        0x00000001009bb824 chromedriver + 5601316\n16  chromedriver                        0x0000000100a18618 chromedriver + 5981720\n17  chromedriver                        0x0000000100a187df chromedriver + 5982175\n18  chromedriver                        0x0000000100a29d58 chromedriver + 6053208\n19  libsystem_pthread.dylib             0x00007ff801edd202 _pthread_start + 99\n20  libsystem_pthread.dylib             0x00007ff801ed8bab thread_start + 15\n"}} | headers=HTTPHeaderDict({'Content-Length': '1946', 'Content-Type': 'application/json; charset=utf-8', 'cache-control': 'no-cache'})
2025-03-25 18:43:06,272 - DEBUG - Finished Request
2025-03-25 18:43:06,777 - DEBUG - POST http://localhost:51603/session/ebcc63c11b489b421681cf551c95cdc1/element {'using': 'css selector', 'value': 'div.fontHeadlineSmall'}
2025-03-25 18:43:06,825 - DEBUG - http://localhost:51603 "POST /session/ebcc63c11b489b421681cf551c95cdc1/element HTTP/1.1" 404 0
2025-03-25 18:43:06,825 - DEBUG - Remote response: status=404 | data={"value":{"error":"no such element","message":"no such element: Unable to locate element: {\"method\":\"css selector\",\"selector\":\"div.fontHeadlineSmall\"}\n  (Session info: chrome=134.0.6998.118)","stacktrace":"0   chromedriver                        0x0000000100a32568 chromedriver + 6088040\n1   chromedriver                        0x0000000100a2a17a chromedriver + 6054266\n2   chromedriver                        0x00000001004c9540 chromedriver + 415040\n3   chromedriver                        0x000000010051b0a0 chromedriver + 749728\n4   chromedriver                        0x000000010051b2f1 chromedriver + 750321\n5   chromedriver                        0x000000010056b764 chromedriver + 1079140\n6   chromedriver                        0x000000010054141d chromedriver + 906269\n7   chromedriver                        0x0000000100568a19 chromedriver + 1067545\n8   chromedriver                        0x00000001005411c3 chromedriver + 905667\n9   chromedriver                        0x000000010050d05a chromedriver + 692314\n10  chromedriver                        0x000000010050e1b1 chromedriver + 696753\n11  chromedriver                        0x00000001009f1c90 chromedriver + 5823632\n12  chromedriver                        0x00000001009f5b44 chromedriver + 5839684\n13  chromedriver                        0x00000001009cce86 chromedriver + 5672582\n14  chromedriver                        0x00000001009f653b chromedriver + 5842235\n15  chromedriver                        0x00000001009bb824 chromedriver + 5601316\n16  chromedriver                        0x0000000100a18618 chromedriver + 5981720\n17  chromedriver                        0x0000000100a187df chromedriver + 5982175\n18  chromedriver                        0x0000000100a29d58 chromedriver + 6053208\n19  libsystem_pthread.dylib             0x00007ff801edd202 _pthread_start + 99\n20  libsystem_pthread.dylib             0x00007ff801ed8bab thread_start + 15\n"}} | headers=HTTPHeaderDict({'Content-Length': '1946', 'Content-Type': 'application/json; charset=utf-8', 'cache-control': 'no-cache'})
2025-03-25 18:43:06,825 - DEBUG - Finished Request
2025-03-25 18:43:06,826 - ERROR - Failed to navigate to reviews: Message: 
Stacktrace:
0   chromedriver                        0x0000000100a32568 chromedriver + 6088040
1   chromedriver                        0x0000000100a2a17a chromedriver + 6054266
2   chromedriver                        0x00000001004c9540 chromedriver + 415040
3   chromedriver                        0x000000010051b0a0 chromedriver + 749728
4   chromedriver                        0x000000010051b2f1 chromedriver + 750321
5   chromedriver                        0x000000010056b764 chromedriver + 1079140
6   chromedriver                        0x000000010054141d chromedriver + 906269
7   chromedriver                        0x0000000100568a19 chromedriver + 1067545
8   chromedriver                        0x00000001005411c3 chromedriver + 905667
9   chromedriver                        0x000000010050d05a chromedriver + 692314
10  chromedriver                        0x000000010050e1b1 chromedriver + 696753
11  chromedriver                        0x00000001009f1c90 chromedriver + 5823632
12  chromedriver                        0x00000001009f5b44 chromedriver + 5839684
13  chromedriver                        0x00000001009cce86 chromedriver + 5672582
14  chromedriver                        0x00000001009f653b chromedriver + 5842235
15  chromedriver                        0x00000001009bb824 chromedriver + 5601316
16  chromedriver                        0x0000000100a18618 chromedriver + 5981720
17  chromedriver                        0x0000000100a187df chromedriver + 5982175
18  chromedriver                        0x0000000100a29d58 chromedriver + 6053208
19  libsystem_pthread.dylib             0x00007ff801edd202 _pthread_start + 99
20  libsystem_pthread.dylib             0x00007ff801ed8bab thread_start + 15

2025-03-25 18:43:06,826 - ERROR - Failed to navigate to reviews section
2025-03-25 18:43:06,826 - DEBUG - DELETE http://localhost:51603/session/ebcc63c11b489b421681cf551c95cdc1 {}
2025-03-25 18:43:06,880 - DEBUG - http://localhost:51603 "DELETE /session/ebcc63c11b489b421681cf551c95cdc1 HTTP/1.1" 200 0
2025-03-25 18:43:06,880 - DEBUG - Remote response: status=200 | data={"value":null} | headers=HTTPHeaderDict({'Content-Length': '14', 'Content-Type': 'application/json; charset=utf-8', 'cache-control': 'no-cache'})
2025-03-25 18:43:06,880 - DEBUG - Finished Request
2025-03-25 18:43:07,914 - INFO - Chrome driver quit successfully
